<?xml version="1.0" encoding="UTF-8"?>
<!-- Generated by org.testng.reporters.JUnitXMLReporter -->
<testsuite ignored="0" hostname="SEZLP657" failures="0" tests="3" name="Test" time="38.657" errors="0" timestamp="2022-07-27T13:52:44 IST">
  <testcase classname="main.ExecutionClass" name="TS_SDIR_016" time="9.716"/>
  <testcase classname="main.ExecutionClass" name="TS_SDIR_017" time="9.335"/>
  <testcase classname="main.ExecutionClass" name="TS_SDIR_019" time="8.499"/>
</testsuite> <!-- Test -->
