<?xml version="1.0" encoding="UTF-8"?>
<testng-results ignored="0" total="3" passed="3" failed="0" skipped="0">
  <reporter-output>
  </reporter-output>
  <suite started-at="2022-07-17T15:56:18 IST" name="Suite" finished-at="2022-07-17T15:56:45 IST" duration-ms="27380">
    <groups>
    </groups>
    <test started-at="2022-07-17T15:56:18 IST" name="Test" finished-at="2022-07-17T15:56:45 IST" duration-ms="27380">
      <class name="main.ExecutionClass">
        <test-method is-config="true" signature="Login(java.lang.String)[pri:0, instance:main.ExecutionClass@3e84448c]" started-at="2022-07-17T15:56:18 IST" name="Login" finished-at="2022-07-17T15:56:20 IST" duration-ms="2426" status="PASS">
          <params>
            <param index="0">
              <value>
                <![CDATA[chrome]]>
              </value>
            </param>
          </params>
          <reporter-output>
          </reporter-output>
        </test-method> <!-- Login -->
        <test-method is-config="true" signature="startReport()[pri:0, instance:main.ExecutionClass@3e84448c]" started-at="2022-07-17T15:56:20 IST" name="startReport" finished-at="2022-07-17T15:56:21 IST" duration-ms="115" status="PASS">
          <reporter-output>
          </reporter-output>
        </test-method> <!-- startReport -->
        <test-method signature="TS_SDIR_016()[pri:0, instance:main.ExecutionClass@3e84448c]" started-at="2022-07-17T15:56:21 IST" name="TS_SDIR_016" finished-at="2022-07-17T15:56:27 IST" duration-ms="5972" status="PASS">
          <reporter-output>
          </reporter-output>
        </test-method> <!-- TS_SDIR_016 -->
        <test-method signature="TS_SDIR_017()[pri:0, instance:main.ExecutionClass@3e84448c]" started-at="2022-07-17T15:56:27 IST" name="TS_SDIR_017" finished-at="2022-07-17T15:56:32 IST" duration-ms="5768" status="PASS">
          <reporter-output>
          </reporter-output>
        </test-method> <!-- TS_SDIR_017 -->
        <test-method signature="TS_SDIR_019()[pri:0, instance:main.ExecutionClass@3e84448c]" started-at="2022-07-17T15:56:32 IST" name="TS_SDIR_019" finished-at="2022-07-17T15:56:40 IST" duration-ms="7483" status="PASS">
          <reporter-output>
          </reporter-output>
        </test-method> <!-- TS_SDIR_019 -->
        <test-method is-config="true" signature="postcondition()[pri:0, instance:main.ExecutionClass@3e84448c]" started-at="2022-07-17T15:56:40 IST" name="postcondition" finished-at="2022-07-17T15:56:45 IST" duration-ms="5247" status="PASS">
          <reporter-output>
          </reporter-output>
        </test-method> <!-- postcondition -->
        <test-method is-config="true" signature="stopReport()[pri:0, instance:main.ExecutionClass@3e84448c]" started-at="2022-07-17T15:56:45 IST" name="stopReport" finished-at="2022-07-17T15:56:45 IST" duration-ms="345" status="PASS">
          <reporter-output>
          </reporter-output>
        </test-method> <!-- stopReport -->
      </class> <!-- main.ExecutionClass -->
    </test> <!-- Test -->
  </suite> <!-- Suite -->
</testng-results>
