<?xml version="1.0" encoding="UTF-8"?>
<testng-results ignored="0" total="3" passed="3" failed="0" skipped="0">
  <reporter-output>
  </reporter-output>
  <suite started-at="2022-07-27T13:52:05 IST" name="Suite" finished-at="2022-07-27T13:52:44 IST" duration-ms="38657">
    <groups>
    </groups>
    <test started-at="2022-07-27T13:52:05 IST" name="Test" finished-at="2022-07-27T13:52:44 IST" duration-ms="38657">
      <class name="main.ExecutionClass">
        <test-method is-config="true" signature="Login(java.lang.String)[pri:0, instance:main.ExecutionClass@5e21e98f]" started-at="2022-07-27T13:52:05 IST" name="Login" finished-at="2022-07-27T13:52:10 IST" duration-ms="4866" status="PASS">
          <params>
            <param index="0">
              <value>
                <![CDATA[chrome]]>
              </value>
            </param>
          </params>
          <reporter-output>
          </reporter-output>
        </test-method> <!-- Login -->
        <test-method is-config="true" signature="startReport()[pri:0, instance:main.ExecutionClass@5e21e98f]" started-at="2022-07-27T13:52:10 IST" name="startReport" finished-at="2022-07-27T13:52:10 IST" duration-ms="244" status="PASS">
          <reporter-output>
          </reporter-output>
        </test-method> <!-- startReport -->
        <test-method signature="TS_SDIR_016()[pri:0, instance:main.ExecutionClass@5e21e98f]" started-at="2022-07-27T13:52:10 IST" name="TS_SDIR_016" finished-at="2022-07-27T13:52:20 IST" duration-ms="9716" status="PASS">
          <reporter-output>
          </reporter-output>
        </test-method> <!-- TS_SDIR_016 -->
        <test-method signature="TS_SDIR_017()[pri:0, instance:main.ExecutionClass@5e21e98f]" started-at="2022-07-27T13:52:20 IST" name="TS_SDIR_017" finished-at="2022-07-27T13:52:29 IST" duration-ms="9335" status="PASS">
          <reporter-output>
          </reporter-output>
        </test-method> <!-- TS_SDIR_017 -->
        <test-method signature="TS_SDIR_019()[pri:0, instance:main.ExecutionClass@5e21e98f]" started-at="2022-07-27T13:52:29 IST" name="TS_SDIR_019" finished-at="2022-07-27T13:52:38 IST" duration-ms="8499" status="PASS">
          <reporter-output>
          </reporter-output>
        </test-method> <!-- TS_SDIR_019 -->
        <test-method is-config="true" signature="postcondition()[pri:0, instance:main.ExecutionClass@5e21e98f]" started-at="2022-07-27T13:52:38 IST" name="postcondition" finished-at="2022-07-27T13:52:43 IST" duration-ms="5263" status="PASS">
          <reporter-output>
          </reporter-output>
        </test-method> <!-- postcondition -->
        <test-method is-config="true" signature="stopReport()[pri:0, instance:main.ExecutionClass@5e21e98f]" started-at="2022-07-27T13:52:43 IST" name="stopReport" finished-at="2022-07-27T13:52:44 IST" duration-ms="682" status="PASS">
          <reporter-output>
          </reporter-output>
        </test-method> <!-- stopReport -->
      </class> <!-- main.ExecutionClass -->
    </test> <!-- Test -->
  </suite> <!-- Suite -->
</testng-results>
